<?xml version="1.0" encoding="UTF-8"?>
<testng-results ignored="0" total="3" passed="2" failed="1" skipped="0">
  <reporter-output>
    <line>
      <![CDATA[Open the Login Page]]>
    </line>
    <line>
      <![CDATA[Login Page opened
]]>
    </line>
    <line>
      <![CDATA[Verify subscription message]]>
    </line>
    <line>
      <![CDATA[Enter email address]]>
    </line>
    <line>
      <![CDATA[Press 'Absend' button]]>
    </line>
    <line>
      <![CDATA[Verify confirmation message]]>
    </line>
    <line>
      <![CDATA[Open the Login Page
]]>
    </line>
    <line>
      <![CDATA[Login Page opened
]]>
    </line>
    <line>
      <![CDATA[Press 'Absend' button]]>
    </line>
    <line>
      <![CDATA[Open GMail and perform login]]>
    </line>
    <line>
      <![CDATA[Search for subscription email]]>
    </line>
    <line>
      <![CDATA[Open email]]>
    </line>
    <line>
      <![CDATA[Click subscription button]]>
    </line>
    <line>
      <![CDATA[Switch to a new Tab]]>
    </line>
    <line>
      <![CDATA[Press Confirm subsription Button]]>
    </line>
    <line>
      <![CDATA[Get Page Url and compare it]]>
    </line>
  </reporter-output>
  <suite started-at="2021-04-01T14:45:23 EEST" name="Default Suite" finished-at="2021-04-01T14:45:44 EEST" duration-ms="21055">
    <groups>
    </groups>
    <test started-at="2021-04-01T14:45:23 EEST" name="Krieger_Code_Challenge" finished-at="2021-04-01T14:45:44 EEST" duration-ms="21055">
      <class name="krieger.tests.suite.VerifyConfirmationText">
        <test-method is-config="true" signature="beforeMethod()[pri:0, instance:krieger.tests.suite.VerifyConfirmationText@5e25a92e]" started-at="2021-04-01T14:45:23 EEST" name="beforeMethod" finished-at="2021-04-01T14:45:24 EEST" duration-ms="1426" status="PASS">
          <reporter-output>
          </reporter-output>
        </test-method> <!-- beforeMethod -->
        <test-method signature="TestConfirmationText()[pri:0, instance:krieger.tests.suite.VerifyConfirmationText@5e25a92e]" started-at="2021-04-01T14:45:24 EEST" name="TestConfirmationText" finished-at="2021-04-01T14:45:27 EEST" duration-ms="2472" status="FAIL">
          <exception class="org.openqa.selenium.NoSuchElementException">
            <message>
              <![CDATA[no such element: Unable to locate element: {"method":"xpath","selector":"//div[@class='footerNewsletter__confirmation']/span"}
  (Session info: chrome=89.0.4389.90)
For documentation on this error, please visit: https://www.seleniumhq.org/exceptions/no_such_element.html
Build info: version: '3.141.59', revision: 'e82be7d358', time: '2018-11-14T08:17:03'
System info: host: '5CG046023G', ip: '10.42.46.155', os.name: 'Windows 10', os.arch: 'amd64', os.version: '10.0', java.version: '16'
Driver info: org.openqa.selenium.chrome.ChromeDriver
Capabilities {acceptInsecureCerts: false, browserName: chrome, browserVersion: 89.0.4389.90, chrome: {chromedriverVersion: 89.0.4389.23 (61b08ee2c5002..., userDataDir: C:\Users\tlozy\AppData\Loca...}, goog:chromeOptions: {debuggerAddress: localhost:60810}, javascriptEnabled: true, networkConnectionEnabled: false, pageLoadStrategy: normal, platform: WINDOWS, platformName: WINDOWS, proxy: Proxy(), setWindowRect: true, strictFileInteractability: false, timeouts: {implicit: 0, pageLoad: 300000, script: 30000}, unhandledPromptBehavior: dismiss and notify, webauthn:extension:largeBlob: true, webauthn:virtualAuthenticators: true}
Session ID: 494aec9b7948cb465854e93cb1f6d302
*** Element info: {Using=xpath, value=//div[@class='footerNewsletter__confirmation']/span}]]>
            </message>
            <full-stacktrace>
              <![CDATA[org.openqa.selenium.NoSuchElementException: no such element: Unable to locate element: {"method":"xpath","selector":"//div[@class='footerNewsletter__confirmation']/span"}
  (Session info: chrome=89.0.4389.90)
For documentation on this error, please visit: https://www.seleniumhq.org/exceptions/no_such_element.html
Build info: version: '3.141.59', revision: 'e82be7d358', time: '2018-11-14T08:17:03'
System info: host: '5CG046023G', ip: '10.42.46.155', os.name: 'Windows 10', os.arch: 'amd64', os.version: '10.0', java.version: '16'
Driver info: org.openqa.selenium.chrome.ChromeDriver
Capabilities {acceptInsecureCerts: false, browserName: chrome, browserVersion: 89.0.4389.90, chrome: {chromedriverVersion: 89.0.4389.23 (61b08ee2c5002..., userDataDir: C:\Users\tlozy\AppData\Loca...}, goog:chromeOptions: {debuggerAddress: localhost:60810}, javascriptEnabled: true, networkConnectionEnabled: false, pageLoadStrategy: normal, platform: WINDOWS, platformName: WINDOWS, proxy: Proxy(), setWindowRect: true, strictFileInteractability: false, timeouts: {implicit: 0, pageLoad: 300000, script: 30000}, unhandledPromptBehavior: dismiss and notify, webauthn:extension:largeBlob: true, webauthn:virtualAuthenticators: true}
Session ID: 494aec9b7948cb465854e93cb1f6d302
*** Element info: {Using=xpath, value=//div[@class='footerNewsletter__confirmation']/span}
at java.base/jdk.internal.reflect.NativeConstructorAccessorImpl.newInstance0(Native Method)
at java.base/jdk.internal.reflect.NativeConstructorAccessorImpl.newInstance(NativeConstructorAccessorImpl.java:78)
at java.base/jdk.internal.reflect.DelegatingConstructorAccessorImpl.newInstance(DelegatingConstructorAccessorImpl.java:45)
at java.base/java.lang.reflect.Constructor.newInstanceWithCaller(Constructor.java:499)
at java.base/java.lang.reflect.Constructor.newInstance(Constructor.java:480)
at org.openqa.selenium.remote.http.W3CHttpResponseCodec.createException(W3CHttpResponseCodec.java:187)
at org.openqa.selenium.remote.http.W3CHttpResponseCodec.decode(W3CHttpResponseCodec.java:122)
at org.openqa.selenium.remote.http.W3CHttpResponseCodec.decode(W3CHttpResponseCodec.java:49)
at org.openqa.selenium.remote.HttpCommandExecutor.execute(HttpCommandExecutor.java:158)
at org.openqa.selenium.remote.service.DriverCommandExecutor.execute(DriverCommandExecutor.java:83)
at org.openqa.selenium.remote.RemoteWebDriver.execute(RemoteWebDriver.java:552)
at org.openqa.selenium.remote.RemoteWebDriver.findElement(RemoteWebDriver.java:323)
at org.openqa.selenium.remote.RemoteWebDriver.findElementByXPath(RemoteWebDriver.java:428)
at org.openqa.selenium.By$ByXPath.findElement(By.java:353)
at org.openqa.selenium.remote.RemoteWebDriver.findElement(RemoteWebDriver.java:315)
at pageobjects.LoginPage.getConfirmationMesasge1(LoginPage.java:81)
at krieger.tests.suite.VerifyConfirmationText.TestConfirmationText(VerifyConfirmationText.java:35)
at java.base/jdk.internal.reflect.NativeMethodAccessorImpl.invoke0(Native Method)
at java.base/jdk.internal.reflect.NativeMethodAccessorImpl.invoke(NativeMethodAccessorImpl.java:78)
at java.base/jdk.internal.reflect.DelegatingMethodAccessorImpl.invoke(DelegatingMethodAccessorImpl.java:43)
at java.base/java.lang.reflect.Method.invoke(Method.java:567)
at org.testng.internal.MethodInvocationHelper.invokeMethod(MethodInvocationHelper.java:133)
at org.testng.internal.TestInvoker.invokeMethod(TestInvoker.java:598)
at org.testng.internal.TestInvoker.invokeTestMethod(TestInvoker.java:173)
at org.testng.internal.MethodRunner.runInSequence(MethodRunner.java:46)
at org.testng.internal.TestInvoker$MethodInvocationAgent.invoke(TestInvoker.java:824)
at org.testng.internal.TestInvoker.invokeTestMethods(TestInvoker.java:146)
at org.testng.internal.TestMethodWorker.invokeTestMethods(TestMethodWorker.java:146)
at org.testng.internal.TestMethodWorker.run(TestMethodWorker.java:128)
at java.base/java.util.ArrayList.forEach(ArrayList.java:1511)
at org.testng.TestRunner.privateRun(TestRunner.java:794)
at org.testng.TestRunner.run(TestRunner.java:596)
at org.testng.SuiteRunner.runTest(SuiteRunner.java:377)
at org.testng.SuiteRunner.runSequentially(SuiteRunner.java:371)
at org.testng.SuiteRunner.privateRun(SuiteRunner.java:332)
at org.testng.SuiteRunner.run(SuiteRunner.java:276)
at org.testng.SuiteRunnerWorker.runSuite(SuiteRunnerWorker.java:53)
at org.testng.SuiteRunnerWorker.run(SuiteRunnerWorker.java:96)
at org.testng.TestNG.runSuitesSequentially(TestNG.java:1212)
at org.testng.TestNG.runSuitesLocally(TestNG.java:1134)
at org.testng.TestNG.runSuites(TestNG.java:1063)
at org.testng.TestNG.run(TestNG.java:1031)
at com.intellij.rt.testng.IDEARemoteTestNG.run(IDEARemoteTestNG.java:66)
at com.intellij.rt.testng.RemoteTestNGStarter.main(RemoteTestNGStarter.java:109)
]]>
            </full-stacktrace>
          </exception> <!-- org.openqa.selenium.NoSuchElementException -->
          <reporter-output>
            <line>
              <![CDATA[Open the Login Page]]>
            </line>
            <line>
              <![CDATA[Login Page opened
]]>
            </line>
            <line>
              <![CDATA[Verify subscription message]]>
            </line>
            <line>
              <![CDATA[Enter email address]]>
            </line>
            <line>
              <![CDATA[Press 'Absend' button]]>
            </line>
            <line>
              <![CDATA[Verify confirmation message]]>
            </line>
          </reporter-output>
        </test-method> <!-- TestConfirmationText -->
        <test-method is-config="true" signature="afterMethod()[pri:0, instance:krieger.tests.suite.VerifyConfirmationText@5e25a92e]" started-at="2021-04-01T14:45:27 EEST" name="afterMethod" finished-at="2021-04-01T14:45:27 EEST" duration-ms="323" status="PASS">
          <reporter-output>
          </reporter-output>
        </test-method> <!-- afterMethod -->
      </class> <!-- krieger.tests.suite.VerifyConfirmationText -->
      <class name="krieger.extended.test.VerifySubscriptionViaEmail">
        <test-method is-config="true" signature="beforeMethod()[pri:0, instance:krieger.extended.test.VerifySubscriptionViaEmail@5d20e46]" started-at="2021-04-01T14:45:29 EEST" name="beforeMethod" finished-at="2021-04-01T14:45:30 EEST" duration-ms="879" status="PASS">
          <reporter-output>
          </reporter-output>
        </test-method> <!-- beforeMethod -->
        <test-method signature="TestSubscriptionViaEmail()[pri:0, instance:krieger.extended.test.VerifySubscriptionViaEmail@5d20e46]" started-at="2021-04-01T14:45:30 EEST" name="TestSubscriptionViaEmail" finished-at="2021-04-01T14:45:43 EEST" duration-ms="13141" status="PASS">
          <reporter-output>
            <line>
              <![CDATA[Open GMail and perform login]]>
            </line>
            <line>
              <![CDATA[Search for subscription email]]>
            </line>
            <line>
              <![CDATA[Open email]]>
            </line>
            <line>
              <![CDATA[Click subscription button]]>
            </line>
            <line>
              <![CDATA[Switch to a new Tab]]>
            </line>
            <line>
              <![CDATA[Press Confirm subsription Button]]>
            </line>
            <line>
              <![CDATA[Get Page Url and compare it]]>
            </line>
          </reporter-output>
        </test-method> <!-- TestSubscriptionViaEmail -->
        <test-method is-config="true" signature="afterMethod()[pri:0, instance:krieger.extended.test.VerifySubscriptionViaEmail@5d20e46]" started-at="2021-04-01T14:45:43 EEST" name="afterMethod" finished-at="2021-04-01T14:45:44 EEST" duration-ms="358" status="PASS">
          <reporter-output>
          </reporter-output>
        </test-method> <!-- afterMethod -->
      </class> <!-- krieger.extended.test.VerifySubscriptionViaEmail -->
      <class name="krieger.extended.test.VerifyEmailError">
        <test-method is-config="true" signature="beforeMethod()[pri:0, instance:krieger.extended.test.VerifyEmailError@7364985f]" started-at="2021-04-01T14:45:27 EEST" name="beforeMethod" finished-at="2021-04-01T14:45:28 EEST" duration-ms="848" status="PASS">
          <reporter-output>
          </reporter-output>
        </test-method> <!-- beforeMethod -->
        <test-method signature="TestEmailFormatError()[pri:0, instance:krieger.extended.test.VerifyEmailError@7364985f]" started-at="2021-04-01T14:45:28 EEST" name="TestEmailFormatError" finished-at="2021-04-01T14:45:29 EEST" duration-ms="1272" status="PASS">
          <reporter-output>
            <line>
              <![CDATA[Open the Login Page
]]>
            </line>
            <line>
              <![CDATA[Login Page opened
]]>
            </line>
            <line>
              <![CDATA[Press 'Absend' button]]>
            </line>
          </reporter-output>
        </test-method> <!-- TestEmailFormatError -->
        <test-method is-config="true" signature="afterMethod()[pri:0, instance:krieger.extended.test.VerifyEmailError@7364985f]" started-at="2021-04-01T14:45:29 EEST" name="afterMethod" finished-at="2021-04-01T14:45:29 EEST" duration-ms="286" status="PASS">
          <reporter-output>
          </reporter-output>
        </test-method> <!-- afterMethod -->
      </class> <!-- krieger.extended.test.VerifyEmailError -->
    </test> <!-- Krieger_Code_Challenge -->
  </suite> <!-- Default Suite -->
</testng-results>
